<?xml version="1.0" encoding="UTF-8"?>
<testsuite name="com.kaerhae.devopskube.todo_app.TodoAppApplicationTests" tests="1" skipped="0" failures="0" errors="0" timestamp="2024-08-25T18:36:36" hostname="pop-os" time="1.042">
  <properties/>
  <testcase name="contextLoads()" classname="com.kaerhae.devopskube.todo_app.TodoAppApplicationTests" time="1.042"/>
  <system-out><![CDATA[21:36:33.557 [Test worker] INFO org.springframework.test.context.support.AnnotationConfigContextLoaderUtils -- Could not detect default configuration classes for test class [com.kaerhae.devopskube.todo_app.TodoAppApplicationTests]: TodoAppApplicationTests does not declare any static, non-private, non-final, nested classes annotated with @Configuration.
21:36:33.709 [Test worker] INFO org.springframework.boot.test.context.SpringBootTestContextBootstrapper -- Found @SpringBootConfiguration com.kaerhae.devopskube.todo_app.TodoAppApplication for test class com.kaerhae.devopskube.todo_app.TodoAppApplicationTests

  .   ____          _            __ _ _
 /\\ / ___'_ __ _ _(_)_ __  __ _ \ \ \ \
( ( )\___ | '_ | '_| | '_ \/ _` | \ \ \ \
 \\/  ___)| |_)| | | | | || (_| |  ) ) ) )
  '  |____| .__|_| |_|_| |_\__, | / / / /
 =========|_|==============|___/=/_/_/_/

 :: Spring Boot ::                (v3.3.2)

2024-08-25T21:36:34.406+03:00  INFO 76889 --- [todo-app] [    Test worker] c.k.d.todo_app.TodoAppApplicationTests   : Starting TodoAppApplicationTests using Java 17.0.12 with PID 76889 (started by omistaja in /home/omistaja/Documents/Codebase/devops-with-kubernetes-mooc/Part1/todo-app)
2024-08-25T21:36:34.409+03:00  INFO 76889 --- [todo-app] [    Test worker] c.k.d.todo_app.TodoAppApplicationTests   : No active profile set, falling back to 1 default profile: "default"
2024-08-25T21:36:36.230+03:00  INFO 76889 --- [todo-app] [    Test worker] o.s.b.a.w.s.WelcomePageHandlerMapping    : Adding welcome page template: index
2024-08-25T21:36:36.685+03:00  INFO 76889 --- [todo-app] [    Test worker] c.k.d.todo_app.TodoAppApplicationTests   : Started TodoAppApplicationTests in 2.725 seconds (process running for 4.642)
]]></system-out>
  <system-err><![CDATA[]]></system-err>
</testsuite>
